#
# There is insufficient memory for the Java Runtime Environment to continue.
# Native memory allocation (malloc) failed to allocate 727216 bytes for Chunk::new
# Possible reasons:
#   The system is out of physical RAM or swap space
#   The process is running with CompressedOops enabled, and the Java Heap may be blocking the growth of the native heap
# Possible solutions:
#   Reduce memory load on the system
#   Increase physical memory or swap space
#   Check if swap backing store is full
#   Decrease Java heap size (-Xmx/-Xms)
#   Decrease number of Java threads
#   Decrease Java thread stack sizes (-Xss)
#   Set larger code cache with -XX:ReservedCodeCacheSize=
#   JVM is running with Unscaled Compressed Oops mode in which the Java heap is
#     placed in the first 4GB address space. The Java Heap base address is the
#     maximum limit for the native heap growth. Please use -XX:HeapBaseMinAddress
#     to set the Java Heap base and to place the Java Heap above 4GB virtual address.
# This output file may be truncated or incomplete.
#
#  Out of Memory Error (t:/workspace/open/src/hotspot/share/memory/arena.cpp:197), pid=15908, tid=7292
#
# JRE version: OpenJDK Runtime Environment (11.0.1+13) (build 11.0.1+13)
# Java VM: OpenJDK 64-Bit Server VM (11.0.1+13, mixed mode, tiered, compressed oops, g1 gc, windows-amd64)
# No core dump will be written. Minidumps are not enabled by default on client versions of Windows
#

---------------  S U M M A R Y ------------

Command Line: -Dfile.encoding=utf8 c:\Users\maa\.vscode\extensions\vscjava.vscode-gradle-3.12.4\lib\gradle-language-server.jar

Host: Intel(R) Core(TM) i5-10400F CPU @ 2.90GHz, 12 cores, 7G,  Windows 10 , 64 bit Build 19041 (10.0.19041.546)
Time: Thu Sep 15 18:46:59 2022 India Standard Time elapsed time: 1 seconds (0d 0h 0m 1s)

---------------  T H R E A D  ---------------

Current thread (0x0000029c2eb95800):  JavaThread "C2 CompilerThread0" daemon [_thread_in_native, id=7292, stack(0x000000b0bdf00000,0x000000b0be000000)]


Current CompileTask:
C2:   1336 1323   !   4       groovyjarjarantlr.CharBuffer::fill (52 bytes)

Stack: [0x000000b0bdf00000,0x000000b0be000000]
Native frames: (J=compiled Java code, j=interpreted, Vv=VM code, C=native code)
V  [jvm.dll+0x63ad9a]
V  [jvm.dll+0x77851f]
V  [jvm.dll+0x779b08]
V  [jvm.dll+0x77a1c3]
V  [jvm.dll+0x2624c8]
V  [jvm.dll+0xc5b61]
V  [jvm.dll+0xc60fc]
V  [jvm.dll+0x36e637]
V  [jvm.dll+0x33b413]
V  [jvm.dll+0x33a7ea]
V  [jvm.dll+0x21c365]
V  [jvm.dll+0x21b50a]
V  [jvm.dll+0x198400]
V  [jvm.dll+0x22a4ff]
V  [jvm.dll+0x228b18]
V  [jvm.dll+0x73dc2d]
V  [jvm.dll+0x639e32]
C  [ucrtbase.dll+0x214c2]
C  [KERNEL32.DLL+0x17034]
C  [ntdll.dll+0x4cec1]


---------------  P R O C E S S  ---------------

Threads class SMR info:
_java_thread_list=0x0000029c2fb83790, length=13, elements={
0x0000029c2eb74800, 0x0000029c2eb7d800, 0x0000029c2f502800, 0x0000029c2eb94800,
0x0000029c2eb95800, 0x0000029c2eb99800, 0x0000029c2eb9a800, 0x0000029c2f672000,
0x0000029c2f660800, 0x0000029c2fa48000, 0x0000029c0f350000, 0x0000029c2fff0800,
0x0000029c2ffd6800
}

Java Threads: ( => current thread )
  0x0000029c2eb74800 JavaThread "Reference Handler" daemon [_thread_blocked, id=16512, stack(0x000000b0bdb00000,0x000000b0bdc00000)]
  0x0000029c2eb7d800 JavaThread "Finalizer" daemon [_thread_blocked, id=13428, stack(0x000000b0bdc00000,0x000000b0bdd00000)]
  0x0000029c2f502800 JavaThread "Signal Dispatcher" daemon [_thread_blocked, id=18856, stack(0x000000b0bdd00000,0x000000b0bde00000)]
  0x0000029c2eb94800 JavaThread "Attach Listener" daemon [_thread_blocked, id=1080, stack(0x000000b0bde00000,0x000000b0bdf00000)]
=>0x0000029c2eb95800 JavaThread "C2 CompilerThread0" daemon [_thread_in_native, id=7292, stack(0x000000b0bdf00000,0x000000b0be000000)]
  0x0000029c2eb99800 JavaThread "C1 CompilerThread0" daemon [_thread_blocked, id=13808, stack(0x000000b0be000000,0x000000b0be100000)]
  0x0000029c2eb9a800 JavaThread "Sweeper thread" daemon [_thread_blocked, id=14968, stack(0x000000b0be100000,0x000000b0be200000)]
  0x0000029c2f672000 JavaThread "Service Thread" daemon [_thread_blocked, id=2400, stack(0x000000b0be200000,0x000000b0be300000)]
  0x0000029c2f660800 JavaThread "Common-Cleaner" daemon [_thread_blocked, id=4608, stack(0x000000b0be400000,0x000000b0be500000)]
  0x0000029c2fa48000 JavaThread "pool-1-thread-1" [_thread_in_vm, id=6552, stack(0x000000b0be700000,0x000000b0be800000)]
  0x0000029c0f350000 JavaThread "DestroyJavaVM" [_thread_blocked, id=6772, stack(0x000000b0bd400000,0x000000b0bd500000)]
  0x0000029c2fff0800 JavaThread "C2 CompilerThread1" daemon [_thread_blocked, id=14988, stack(0x000000b0be500000,0x000000b0be600000)]
  0x0000029c2ffd6800 JavaThread "C2 CompilerThread2" daemon [_thread_in_native, id=7512, stack(0x000000b0be600000,0x000000b0be700000)]

Other Threads:
  0x0000029c2eb50000 VMThread "VM Thread" [stack: 0x000000b0bda00000,0x000000b0bdb00000] [id=3604]
  0x0000029c2f675800 WatcherThread [stack: 0x000000b0be300000,0x000000b0be400000] [id=1936]
  0x0000029c0f367000 GCTaskThread "GC Thread#0" [stack: 0x000000b0bd500000,0x000000b0bd600000] [id=16484]
  0x0000029c307df800 GCTaskThread "GC Thread#1" [stack: 0x000000b0be800000,0x000000b0be900000] [id=8476]
  0x0000029c30015000 GCTaskThread "GC Thread#2" [stack: 0x000000b0be900000,0x000000b0bea00000] [id=1320]
  0x0000029c30016000 GCTaskThread "GC Thread#3" [stack: 0x000000b0bea00000,0x000000b0beb00000] [id=4100]
  0x0000029c0f39c800 ConcurrentGCThread "G1 Main Marker" [stack: 0x000000b0bd600000,0x000000b0bd700000] [id=16788]
  0x0000029c0f39e000 ConcurrentGCThread "G1 Conc#0" [stack: 0x000000b0bd700000,0x000000b0bd800000] [id=15016]
  0x0000029c2e9c0800 ConcurrentGCThread "G1 Refine#0" [stack: 0x000000b0bd800000,0x000000b0bd900000] [id=4824]
  0x0000029c2e9c1800 ConcurrentGCThread "G1 Young RemSet Sampling" [stack: 0x000000b0bd900000,0x000000b0bda00000] [id=12996]

Threads with active compile tasks:
C2 CompilerThread01323   !   4       groovyjarjarantlr.CharBuffer::fill (52 bytes)
C2 CompilerThread21391       4       groovyjarjarantlr.CharScanner::consume (83 bytes)

VM state:not at safepoint (normal execution)

VM Mutex/Monitor currently owned by a thread: None

Heap address: 0x0000000081400000, size: 2028 MB, Compressed Oops mode: 32-bit
Narrow klass base: 0x0000000000000000, Narrow klass shift: 3
Compressed class space size: 1073741824 Address: 0x0000000100000000

Heap:
 garbage-first heap   total 131072K, used 10077K [0x0000000081400000, 0x0000000100000000)
  region size 1024K, 9 young (9216K), 3 survivors (3072K)
 Metaspace       used 16905K, capacity 17244K, committed 17408K, reserved 1064960K
  class space    used 1639K, capacity 1733K, committed 1792K, reserved 1048576K
Heap Regions: E=young(eden), S=young(survivor), O=old, HS=humongous(starts), HC=humongous(continues), CS=collection set, F=free, A=archive, TAMS=top-at-mark-start (previous, next)
|   0|0x0000000081400000, 0x0000000081500000, 0x0000000081500000|100%|HS|  |TAMS 0x0000000081400000, 0x0000000081400000| Complete 
|   1|0x0000000081500000, 0x00000000815d7600, 0x0000000081600000| 84%| O|  |TAMS 0x0000000081500000, 0x0000000081500000| Untracked 
|   2|0x0000000081600000, 0x0000000081600000, 0x0000000081700000|  0%| F|  |TAMS 0x0000000081600000, 0x0000000081600000| Untracked 
|   3|0x0000000081700000, 0x0000000081700000, 0x0000000081800000|  0%| F|  |TAMS 0x0000000081700000, 0x0000000081700000| Untracked 
|   4|0x0000000081800000, 0x0000000081800000, 0x0000000081900000|  0%| F|  |TAMS 0x0000000081800000, 0x0000000081800000| Untracked 
|   5|0x0000000081900000, 0x0000000081900000, 0x0000000081a00000|  0%| F|  |TAMS 0x0000000081900000, 0x0000000081900000| Untracked 
|   6|0x0000000081a00000, 0x0000000081a00000, 0x0000000081b00000|  0%| F|  |TAMS 0x0000000081a00000, 0x0000000081a00000| Untracked 
|   7|0x0000000081b00000, 0x0000000081b00000, 0x0000000081c00000|  0%| F|  |TAMS 0x0000000081b00000, 0x0000000081b00000| Untracked 
|   8|0x0000000081c00000, 0x0000000081c00000, 0x0000000081d00000|  0%| F|  |TAMS 0x0000000081c00000, 0x0000000081c00000| Untracked 
|   9|0x0000000081d00000, 0x0000000081d00000, 0x0000000081e00000|  0%| F|  |TAMS 0x0000000081d00000, 0x0000000081d00000| Untracked 
|  10|0x0000000081e00000, 0x0000000081e00000, 0x0000000081f00000|  0%| F|  |TAMS 0x0000000081e00000, 0x0000000081e00000| Untracked 
|  11|0x0000000081f00000, 0x0000000081f00000, 0x0000000082000000|  0%| F|  |TAMS 0x0000000081f00000, 0x0000000081f00000| Untracked 
|  12|0x0000000082000000, 0x0000000082000000, 0x0000000082100000|  0%| F|  |TAMS 0x0000000082000000, 0x0000000082000000| Untracked 
|  13|0x0000000082100000, 0x0000000082100000, 0x0000000082200000|  0%| F|  |TAMS 0x0000000082100000, 0x0000000082100000| Untracked 
|  14|0x0000000082200000, 0x0000000082200000, 0x0000000082300000|  0%| F|  |TAMS 0x0000000082200000, 0x0000000082200000| Untracked 
|  15|0x0000000082300000, 0x0000000082300000, 0x0000000082400000|  0%| F|  |TAMS 0x0000000082300000, 0x0000000082300000| Untracked 
|  16|0x0000000082400000, 0x0000000082400000, 0x0000000082500000|  0%| F|  |TAMS 0x0000000082400000, 0x0000000082400000| Untracked 
|  17|0x0000000082500000, 0x0000000082500000, 0x0000000082600000|  0%| F|  |TAMS 0x0000000082500000, 0x0000000082500000| Untracked 
|  18|0x0000000082600000, 0x0000000082600000, 0x0000000082700000|  0%| F|  |TAMS 0x0000000082600000, 0x0000000082600000| Untracked 
|  19|0x0000000082700000, 0x0000000082700000, 0x0000000082800000|  0%| F|  |TAMS 0x0000000082700000, 0x0000000082700000| Untracked 
|  20|0x0000000082800000, 0x0000000082800000, 0x0000000082900000|  0%| F|  |TAMS 0x0000000082800000, 0x0000000082800000| Untracked 
|  21|0x0000000082900000, 0x0000000082900000, 0x0000000082a00000|  0%| F|  |TAMS 0x0000000082900000, 0x0000000082900000| Untracked 
|  22|0x0000000082a00000, 0x0000000082a00000, 0x0000000082b00000|  0%| F|  |TAMS 0x0000000082a00000, 0x0000000082a00000| Untracked 
|  23|0x0000000082b00000, 0x0000000082b00000, 0x0000000082c00000|  0%| F|  |TAMS 0x0000000082b00000, 0x0000000082b00000| Untracked 
|  24|0x0000000082c00000, 0x0000000082c00000, 0x0000000082d00000|  0%| F|  |TAMS 0x0000000082c00000, 0x0000000082c00000| Untracked 
|  25|0x0000000082d00000, 0x0000000082d00000, 0x0000000082e00000|  0%| F|  |TAMS 0x0000000082d00000, 0x0000000082d00000| Untracked 
|  26|0x0000000082e00000, 0x0000000082e00000, 0x0000000082f00000|  0%| F|  |TAMS 0x0000000082e00000, 0x0000000082e00000| Untracked 
|  27|0x0000000082f00000, 0x0000000082f00000, 0x0000000083000000|  0%| F|  |TAMS 0x0000000082f00000, 0x0000000082f00000| Untracked 
|  28|0x0000000083000000, 0x0000000083000000, 0x0000000083100000|  0%| F|  |TAMS 0x0000000083000000, 0x0000000083000000| Untracked 
|  29|0x0000000083100000, 0x0000000083100000, 0x0000000083200000|  0%| F|  |TAMS 0x0000000083100000, 0x0000000083100000| Untracked 
|  30|0x0000000083200000, 0x0000000083200000, 0x0000000083300000|  0%| F|  |TAMS 0x0000000083200000, 0x0000000083200000| Untracked 
|  31|0x0000000083300000, 0x0000000083300000, 0x0000000083400000|  0%| F|  |TAMS 0x0000000083300000, 0x0000000083300000| Untracked 
|  32|0x0000000083400000, 0x0000000083400000, 0x0000000083500000|  0%| F|  |TAMS 0x0000000083400000, 0x0000000083400000| Untracked 
|  33|0x0000000083500000, 0x0000000083500000, 0x0000000083600000|  0%| F|  |TAMS 0x0000000083500000, 0x0000000083500000| Untracked 
|  34|0x0000000083600000, 0x0000000083600000, 0x0000000083700000|  0%| F|  |TAMS 0x0000000083600000, 0x0000000083600000| Untracked 
|  35|0x0000000083700000, 0x0000000083700000, 0x0000000083800000|  0%| F|  |TAMS 0x0000000083700000, 0x0000000083700000| Untracked 
|  36|0x0000000083800000, 0x0000000083800000, 0x0000000083900000|  0%| F|  |TAMS 0x0000000083800000, 0x0000000083800000| Untracked 
|  37|0x0000000083900000, 0x0000000083900000, 0x0000000083a00000|  0%| F|  |TAMS 0x0000000083900000, 0x0000000083900000| Untracked 
|  38|0x0000000083a00000, 0x0000000083a00000, 0x0000000083b00000|  0%| F|  |TAMS 0x0000000083a00000, 0x0000000083a00000| Untracked 
|  39|0x0000000083b00000, 0x0000000083b00000, 0x0000000083c00000|  0%| F|  |TAMS 0x0000000083b00000, 0x0000000083b00000| Untracked 
|  40|0x0000000083c00000, 0x0000000083c00000, 0x0000000083d00000|  0%| F|  |TAMS 0x0000000083c00000, 0x0000000083c00000| Untracked 
|  41|0x0000000083d00000, 0x0000000083d00000, 0x0000000083e00000|  0%| F|  |TAMS 0x0000000083d00000, 0x0000000083d00000| Untracked 
|  42|0x0000000083e00000, 0x0000000083e00000, 0x0000000083f00000|  0%| F|  |TAMS 0x0000000083e00000, 0x0000000083e00000| Untracked 
|  43|0x0000000083f00000, 0x0000000083f00000, 0x0000000084000000|  0%| F|  |TAMS 0x0000000083f00000, 0x0000000083f00000| Untracked 
|  44|0x0000000084000000, 0x0000000084000000, 0x0000000084100000|  0%| F|  |TAMS 0x0000000084000000, 0x0000000084000000| Untracked 
|  45|0x0000000084100000, 0x0000000084100000, 0x0000000084200000|  0%| F|  |TAMS 0x0000000084100000, 0x0000000084100000| Untracked 
|  46|0x0000000084200000, 0x0000000084200000, 0x0000000084300000|  0%| F|  |TAMS 0x0000000084200000, 0x0000000084200000| Untracked 
|  47|0x0000000084300000, 0x0000000084300000, 0x0000000084400000|  0%| F|  |TAMS 0x0000000084300000, 0x0000000084300000| Untracked 
|  48|0x0000000084400000, 0x0000000084400000, 0x0000000084500000|  0%| F|  |TAMS 0x0000000084400000, 0x0000000084400000| Untracked 
|  49|0x0000000084500000, 0x0000000084500000, 0x0000000084600000|  0%| F|  |TAMS 0x0000000084500000, 0x0000000084500000| Untracked 
|  50|0x0000000084600000, 0x0000000084600000, 0x0000000084700000|  0%| F|  |TAMS 0x0000000084600000, 0x0000000084600000| Untracked 
|  51|0x0000000084700000, 0x0000000084700000, 0x0000000084800000|  0%| F|  |TAMS 0x0000000084700000, 0x0000000084700000| Untracked 
|  52|0x0000000084800000, 0x0000000084800000, 0x0000000084900000|  0%| F|  |TAMS 0x0000000084800000, 0x0000000084800000| Untracked 
|  53|0x0000000084900000, 0x0000000084900000, 0x0000000084a00000|  0%| F|  |TAMS 0x0000000084900000, 0x0000000084900000| Untracked 
|  54|0x0000000084a00000, 0x0000000084a00000, 0x0000000084b00000|  0%| F|  |TAMS 0x0000000084a00000, 0x0000000084a00000| Untracked 
|  55|0x0000000084b00000, 0x0000000084b00000, 0x0000000084c00000|  0%| F|  |TAMS 0x0000000084b00000, 0x0000000084b00000| Untracked 
|  56|0x0000000084c00000, 0x0000000084c00000, 0x0000000084d00000|  0%| F|  |TAMS 0x0000000084c00000, 0x0000000084c00000| Untracked 
|  57|0x0000000084d00000, 0x0000000084d00000, 0x0000000084e00000|  0%| F|  |TAMS 0x0000000084d00000, 0x0000000084d00000| Untracked 
|  58|0x0000000084e00000, 0x0000000084e00000, 0x0000000084f00000|  0%| F|  |TAMS 0x0000000084e00000, 0x0000000084e00000| Untracked 
|  59|0x0000000084f00000, 0x0000000084f00000, 0x0000000085000000|  0%| F|  |TAMS 0x0000000084f00000, 0x0000000084f00000| Untracked 
|  60|0x0000000085000000, 0x0000000085000000, 0x0000000085100000|  0%| F|  |TAMS 0x0000000085000000, 0x0000000085000000| Untracked 
|  61|0x0000000085100000, 0x0000000085100000, 0x0000000085200000|  0%| F|  |TAMS 0x0000000085100000, 0x0000000085100000| Untracked 
|  62|0x0000000085200000, 0x0000000085200000, 0x0000000085300000|  0%| F|  |TAMS 0x0000000085200000, 0x0000000085200000| Untracked 
|  63|0x0000000085300000, 0x0000000085300000, 0x0000000085400000|  0%| F|  |TAMS 0x0000000085300000, 0x0000000085300000| Untracked 
|  64|0x0000000085400000, 0x0000000085400000, 0x0000000085500000|  0%| F|  |TAMS 0x0000000085400000, 0x0000000085400000| Untracked 
|  65|0x0000000085500000, 0x0000000085500000, 0x0000000085600000|  0%| F|  |TAMS 0x0000000085500000, 0x0000000085500000| Untracked 
|  66|0x0000000085600000, 0x0000000085600000, 0x0000000085700000|  0%| F|  |TAMS 0x0000000085600000, 0x0000000085600000| Untracked 
|  67|0x0000000085700000, 0x0000000085700000, 0x0000000085800000|  0%| F|  |TAMS 0x0000000085700000, 0x0000000085700000| Untracked 
|  68|0x0000000085800000, 0x0000000085800000, 0x0000000085900000|  0%| F|  |TAMS 0x0000000085800000, 0x0000000085800000| Untracked 
|  69|0x0000000085900000, 0x0000000085900000, 0x0000000085a00000|  0%| F|  |TAMS 0x0000000085900000, 0x0000000085900000| Untracked 
|  70|0x0000000085a00000, 0x0000000085a00000, 0x0000000085b00000|  0%| F|  |TAMS 0x0000000085a00000, 0x0000000085a00000| Untracked 
|  71|0x0000000085b00000, 0x0000000085b00000, 0x0000000085c00000|  0%| F|  |TAMS 0x0000000085b00000, 0x0000000085b00000| Untracked 
|  72|0x0000000085c00000, 0x0000000085c00000, 0x0000000085d00000|  0%| F|  |TAMS 0x0000000085c00000, 0x0000000085c00000| Untracked 
|  73|0x0000000085d00000, 0x0000000085d00000, 0x0000000085e00000|  0%| F|  |TAMS 0x0000000085d00000, 0x0000000085d00000| Untracked 
|  74|0x0000000085e00000, 0x0000000085e00000, 0x0000000085f00000|  0%| F|  |TAMS 0x0000000085e00000, 0x0000000085e00000| Untracked 
|  75|0x0000000085f00000, 0x0000000085f00000, 0x0000000086000000|  0%| F|  |TAMS 0x0000000085f00000, 0x0000000085f00000| Untracked 
|  76|0x0000000086000000, 0x0000000086000000, 0x0000000086100000|  0%| F|  |TAMS 0x0000000086000000, 0x0000000086000000| Untracked 
|  77|0x0000000086100000, 0x0000000086100000, 0x0000000086200000|  0%| F|  |TAMS 0x0000000086100000, 0x0000000086100000| Untracked 
|  78|0x0000000086200000, 0x0000000086200000, 0x0000000086300000|  0%| F|  |TAMS 0x0000000086200000, 0x0000000086200000| Untracked 
|  79|0x0000000086300000, 0x0000000086300000, 0x0000000086400000|  0%| F|  |TAMS 0x0000000086300000, 0x0000000086300000| Untracked 
|  80|0x0000000086400000, 0x0000000086400000, 0x0000000086500000|  0%| F|  |TAMS 0x0000000086400000, 0x0000000086400000| Untracked 
|  81|0x0000000086500000, 0x0000000086500000, 0x0000000086600000|  0%| F|  |TAMS 0x0000000086500000, 0x0000000086500000| Untracked 
|  82|0x0000000086600000, 0x0000000086600000, 0x0000000086700000|  0%| F|  |TAMS 0x0000000086600000, 0x0000000086600000| Untracked 
|  83|0x0000000086700000, 0x0000000086700000, 0x0000000086800000|  0%| F|  |TAMS 0x0000000086700000, 0x0000000086700000| Untracked 
|  84|0x0000000086800000, 0x0000000086800000, 0x0000000086900000|  0%| F|  |TAMS 0x0000000086800000, 0x0000000086800000| Untracked 
|  85|0x0000000086900000, 0x0000000086900000, 0x0000000086a00000|  0%| F|  |TAMS 0x0000000086900000, 0x0000000086900000| Untracked 
|  86|0x0000000086a00000, 0x0000000086a00000, 0x0000000086b00000|  0%| F|  |TAMS 0x0000000086a00000, 0x0000000086a00000| Untracked 
|  87|0x0000000086b00000, 0x0000000086b00000, 0x0000000086c00000|  0%| F|  |TAMS 0x0000000086b00000, 0x0000000086b00000| Untracked 
|  88|0x0000000086c00000, 0x0000000086c00000, 0x0000000086d00000|  0%| F|  |TAMS 0x0000000086c00000, 0x0000000086c00000| Untracked 
|  89|0x0000000086d00000, 0x0000000086d00000, 0x0000000086e00000|  0%| F|  |TAMS 0x0000000086d00000, 0x0000000086d00000| Untracked 
|  90|0x0000000086e00000, 0x0000000086e00000, 0x0000000086f00000|  0%| F|  |TAMS 0x0000000086e00000, 0x0000000086e00000| Untracked 
|  91|0x0000000086f00000, 0x0000000086f00000, 0x0000000087000000|  0%| F|  |TAMS 0x0000000086f00000, 0x0000000086f00000| Untracked 
|  92|0x0000000087000000, 0x0000000087000000, 0x0000000087100000|  0%| F|  |TAMS 0x0000000087000000, 0x0000000087000000| Untracked 
|  93|0x0000000087100000, 0x0000000087100000, 0x0000000087200000|  0%| F|  |TAMS 0x0000000087100000, 0x0000000087100000| Untracked 
|  94|0x0000000087200000, 0x0000000087200000, 0x0000000087300000|  0%| F|  |TAMS 0x0000000087200000, 0x0000000087200000| Untracked 
|  95|0x0000000087300000, 0x0000000087300000, 0x0000000087400000|  0%| F|  |TAMS 0x0000000087300000, 0x0000000087300000| Untracked 
|  96|0x0000000087400000, 0x0000000087400000, 0x0000000087500000|  0%| F|  |TAMS 0x0000000087400000, 0x0000000087400000| Untracked 
|  97|0x0000000087500000, 0x0000000087500000, 0x0000000087600000|  0%| F|  |TAMS 0x0000000087500000, 0x0000000087500000| Untracked 
|  98|0x0000000087600000, 0x0000000087600000, 0x0000000087700000|  0%| F|  |TAMS 0x0000000087600000, 0x0000000087600000| Untracked 
|  99|0x0000000087700000, 0x0000000087700000, 0x0000000087800000|  0%| F|  |TAMS 0x0000000087700000, 0x0000000087700000| Untracked 
| 100|0x0000000087800000, 0x0000000087800000, 0x0000000087900000|  0%| F|  |TAMS 0x0000000087800000, 0x0000000087800000| Untracked 
| 101|0x0000000087900000, 0x0000000087a00000, 0x0000000087a00000|100%| S|CS|TAMS 0x0000000087900000, 0x0000000087900000| Complete 
| 102|0x0000000087a00000, 0x0000000087b00000, 0x0000000087b00000|100%| S|CS|TAMS 0x0000000087a00000, 0x0000000087a00000| Complete 
| 103|0x0000000087b00000, 0x0000000087c00000, 0x0000000087c00000|100%| S|CS|TAMS 0x0000000087b00000, 0x0000000087b00000| Complete 
| 104|0x0000000087c00000, 0x0000000087c00000, 0x0000000087d00000|  0%| F|  |TAMS 0x0000000087c00000, 0x0000000087c00000| Untracked 
| 105|0x0000000087d00000, 0x0000000087d00000, 0x0000000087e00000|  0%| F|  |TAMS 0x0000000087d00000, 0x0000000087d00000| Untracked 
| 106|0x0000000087e00000, 0x0000000087e00000, 0x0000000087f00000|  0%| F|  |TAMS 0x0000000087e00000, 0x0000000087e00000| Untracked 
| 107|0x0000000087f00000, 0x0000000087f00000, 0x0000000088000000|  0%| F|  |TAMS 0x0000000087f00000, 0x0000000087f00000| Untracked 
| 108|0x0000000088000000, 0x0000000088000000, 0x0000000088100000|  0%| F|  |TAMS 0x0000000088000000, 0x0000000088000000| Untracked 
| 109|0x0000000088100000, 0x0000000088100000, 0x0000000088200000|  0%| F|  |TAMS 0x0000000088100000, 0x0000000088100000| Untracked 
| 110|0x0000000088200000, 0x0000000088200000, 0x0000000088300000|  0%| F|  |TAMS 0x0000000088200000, 0x0000000088200000| Untracked 
| 111|0x0000000088300000, 0x0000000088300000, 0x0000000088400000|  0%| F|  |TAMS 0x0000000088300000, 0x0000000088300000| Untracked 
| 112|0x0000000088400000, 0x0000000088400000, 0x0000000088500000|  0%| F|  |TAMS 0x0000000088400000, 0x0000000088400000| Untracked 
| 113|0x0000000088500000, 0x0000000088500000, 0x0000000088600000|  0%| F|  |TAMS 0x0000000088500000, 0x0000000088500000| Untracked 
| 114|0x0000000088600000, 0x0000000088600000, 0x0000000088700000|  0%| F|  |TAMS 0x0000000088600000, 0x0000000088600000| Untracked 
| 115|0x0000000088700000, 0x0000000088700000, 0x0000000088800000|  0%| F|  |TAMS 0x0000000088700000, 0x0000000088700000| Untracked 
| 116|0x0000000088800000, 0x0000000088800000, 0x0000000088900000|  0%| F|  |TAMS 0x0000000088800000, 0x0000000088800000| Untracked 
| 117|0x0000000088900000, 0x0000000088900000, 0x0000000088a00000|  0%| F|  |TAMS 0x0000000088900000, 0x0000000088900000| Untracked 
| 118|0x0000000088a00000, 0x0000000088a00000, 0x0000000088b00000|  0%| F|  |TAMS 0x0000000088a00000, 0x0000000088a00000| Untracked 
| 119|0x0000000088b00000, 0x0000000088b00000, 0x0000000088c00000|  0%| F|  |TAMS 0x0000000088b00000, 0x0000000088b00000| Untracked 
| 120|0x0000000088c00000, 0x0000000088c00000, 0x0000000088d00000|  0%| F|  |TAMS 0x0000000088c00000, 0x0000000088c00000| Untracked 
| 121|0x0000000088d00000, 0x0000000088d00000, 0x0000000088e00000|  0%| F|  |TAMS 0x0000000088d00000, 0x0000000088d00000| Untracked 
| 122|0x0000000088e00000, 0x0000000088e82610, 0x0000000088f00000| 50%| E|  |TAMS 0x0000000088e00000, 0x0000000088e00000| Complete 
| 123|0x0000000088f00000, 0x0000000089000000, 0x0000000089000000|100%| E|CS|TAMS 0x0000000088f00000, 0x0000000088f00000| Complete 
| 124|0x0000000089000000, 0x0000000089100000, 0x0000000089100000|100%| E|CS|TAMS 0x0000000089000000, 0x0000000089000000| Complete 
| 125|0x0000000089100000, 0x0000000089200000, 0x0000000089200000|100%| E|CS|TAMS 0x0000000089100000, 0x0000000089100000| Complete 
| 126|0x0000000089200000, 0x0000000089300000, 0x0000000089300000|100%| E|CS|TAMS 0x0000000089200000, 0x0000000089200000| Complete 
| 127|0x0000000089300000, 0x0000000089400000, 0x0000000089400000|100%| E|CS|TAMS 0x0000000089300000, 0x0000000089300000| Complete 

Card table byte_map: [0x0000029c27720000,0x0000029c27b20000] _byte_map_base: 0x0000029c27316000

Marking Bits (Prev, Next): (CMBitMap*) 0x0000029c0f393bf8, (CMBitMap*) 0x0000029c0f393c30
 Prev Bits: [0x0000029c27f20000, 0x0000029c29ed0000)
 Next Bits: [0x0000029c29ed0000, 0x0000029c2be80000)

Polling page: 0x0000029c0f440000

Metaspace:

Usage:
  Non-class:     15.15 MB capacity,    14.93 MB ( 99%) used,   196.91 KB (  1%) free+waste,    24.63 KB ( <1%) overhead. 
      Class:      1.69 MB capacity,     1.60 MB ( 95%) used,    82.64 KB (  5%) free+waste,    10.13 KB ( <1%) overhead. 
       Both:     16.84 MB capacity,    16.53 MB ( 98%) used,   279.55 KB (  2%) free+waste,    34.75 KB ( <1%) overhead. 

Virtual space:
  Non-class space:       16.00 MB reserved,      15.25 MB ( 95%) committed 
      Class space:        1.00 GB reserved,       1.75 MB ( <1%) committed 
             Both:        1.02 GB reserved,      17.00 MB (  2%) committed 

Chunk freelists:
   Non-Class:  5.13 KB
       Class:  3.38 KB
        Both:  8.50 KB

CodeHeap 'non-profiled nmethods': size=120000Kb used=456Kb max_used=456Kb free=119543Kb
 bounds [0x0000029c1f160000, 0x0000029c1f3d0000, 0x0000029c26690000]
CodeHeap 'profiled nmethods': size=120000Kb used=2986Kb max_used=2986Kb free=117013Kb
 bounds [0x0000029c17c30000, 0x0000029c17f20000, 0x0000029c1f160000]
CodeHeap 'non-nmethods': size=5760Kb used=1419Kb max_used=1439Kb free=4340Kb
 bounds [0x0000029c17690000, 0x0000029c17900000, 0x0000029c17c30000]
 total_blobs=2181 nmethods=1410 adapters=383
 compilation: enabled
              stopped_count=0, restarted_count=0
 full_count=0

Compilation events (10 events):
Event: 1.302 Thread 0x0000029c2ffd6800 nmethod 1368 0x0000029c1f1cb290 code [0x0000029c1f1cb4c0, 0x0000029c1f1cbc60]
Event: 1.303 Thread 0x0000029c2ffd6800 1391       4       groovyjarjarantlr.CharScanner::consume (83 bytes)
Event: 1.309 Thread 0x0000029c2fff0800 nmethod 1379 0x0000029c1f1cc210 code [0x0000029c1f1cc440, 0x0000029c1f1ccc20]
Event: 1.309 Thread 0x0000029c2fff0800 1392       4       java.lang.CharacterDataLatin1::getType (11 bytes)
Event: 1.310 Thread 0x0000029c2fff0800 nmethod 1392 0x0000029c1f1cd310 code [0x0000029c1f1cd4a0, 0x0000029c1f1cd538]
Event: 1.310 Thread 0x0000029c2fff0800 1397   !   4       java.io.StringReader::read (52 bytes)
Event: 1.313 Thread 0x0000029c2fff0800 nmethod 1397 0x0000029c1f1cd610 code [0x0000029c1f1cd7c0, 0x0000029c1f1cdc88]
Event: 1.313 Thread 0x0000029c2fff0800 1398       4       org.codehaus.groovy.antlr.UnicodeEscapingReader::checkCodePoint (78 bytes)
Event: 1.315 Thread 0x0000029c2fff0800 nmethod 1398 0x0000029c1f1cde10 code [0x0000029c1f1cdfc0, 0x0000029c1f1ce1f8]
Event: 1.315 Thread 0x0000029c2fff0800 1400       4       org.codehaus.groovy.antlr.SourceBuffer::write (211 bytes)

GC Heap History (2 events):
Event: 1.211 GC heap before
{Heap before GC invocations=0 (full 0):
 garbage-first heap   total 131072K, used 24576K [0x0000000081400000, 0x0000000100000000)
  region size 1024K, 24 young (24576K), 0 survivors (0K)
 Metaspace       used 15454K, capacity 15728K, committed 16000K, reserved 1062912K
  class space    used 1543K, capacity 1634K, committed 1664K, reserved 1048576K
}
Event: 1.216 GC heap after
{Heap after GC invocations=1 (full 0):
 garbage-first heap   total 131072K, used 4957K [0x0000000081400000, 0x0000000100000000)
  region size 1024K, 3 young (3072K), 3 survivors (3072K)
 Metaspace       used 15454K, capacity 15728K, committed 16000K, reserved 1062912K
  class space    used 1543K, capacity 1634K, committed 1664K, reserved 1048576K
}

Deoptimization events (10 events):
Event: 0.109 Thread 0x0000029c0f350000 Uncommon trap: reason=unstable_if action=reinterpret pc=0x0000029c1f164ef4 method=java.lang.String.hashCode()I @ 14 c2
Event: 0.608 Thread 0x0000029c0f350000 Uncommon trap: reason=bimorphic_or_optimized_type_check action=maybe_recompile pc=0x0000029c1f187824 method=java.util.HashMap.putVal(ILjava/lang/Object;Ljava/lang/Object;ZZ)Ljava/lang/Object; @ 91 c2
Event: 0.609 Thread 0x0000029c0f350000 Uncommon trap: reason=unstable_if action=reinterpret pc=0x0000029c1f18c954 method=java.util.HashMap.getNode(ILjava/lang/Object;)Ljava/util/HashMap$Node; @ 129 c2
Event: 0.609 Thread 0x0000029c0f350000 Uncommon trap: reason=unstable_if action=reinterpret pc=0x0000029c1f1876a4 method=java.util.HashMap.putVal(ILjava/lang/Object;Ljava/lang/Object;ZZ)Ljava/lang/Object; @ 181 c2
Event: 0.630 Thread 0x0000029c0f350000 Uncommon trap: reason=bimorphic_or_optimized_type_check action=maybe_recompile pc=0x0000029c1f189154 method=java.util.HashMap.putVal(ILjava/lang/Object;Ljava/lang/Object;ZZ)Ljava/lang/Object; @ 91 c2
Event: 0.630 Thread 0x0000029c0f350000 Uncommon trap: reason=unstable_if action=reinterpret pc=0x0000029c1f183e24 method=java.util.HashMap.getNode(ILjava/lang/Object;)Ljava/util/HashMap$Node; @ 129 c2
Event: 0.630 Thread 0x0000029c0f350000 Uncommon trap: reason=unstable_if action=reinterpret pc=0x0000029c1f188f98 method=java.util.HashMap.putVal(ILjava/lang/Object;Ljava/lang/Object;ZZ)Ljava/lang/Object; @ 181 c2
Event: 1.216 Thread 0x0000029c2fa48000 Uncommon trap: reason=unstable_if action=reinterpret pc=0x0000029c1f1adffc method=java.lang.ref.SoftReference.get()Ljava/lang/Object; @ 17 c2
Event: 1.307 Thread 0x0000029c2fa48000 Uncommon trap: reason=unstable_if action=reinterpret pc=0x0000029c1f16db64 method=java.lang.CharacterData.of(I)Ljava/lang/CharacterData; @ 4 c2
Event: 1.328 Thread 0x0000029c2fa48000 Uncommon trap: reason=predicate action=maybe_recompile pc=0x0000029c1f1bea5c method=java.util.stream.ReferencePipeline.forEachWithCancel(Ljava/util/Spliterator;Ljava/util/stream/Sink;)Z @ 8 c2

Classes redefined (0 events):
No events

Internal exceptions (10 events):
Event: 1.005 Thread 0x0000029c2fa48000 Exception <a 'java/lang/NoSuchMethodError'{0x0000000087fbf580}: java.lang.invoke.DirectMethodHandle$Holder.invokeStaticInit(Ljava/lang/Object;Ljava/lang/Object;Ljava/lang/Object;)Ljava/lang/Object;> (0x0000000087fbf580) thrown at [t:/workspace/open/src/ho
Event: 1.032 Thread 0x0000029c2fa48000 Exception <a 'java/lang/NoSuchMethodError'{0x0000000087e8fda8}: java.lang.invoke.DirectMethodHandle$Holder.invokeStaticInit(Ljava/lang/Object;Ljava/lang/Object;Ljava/lang/Object;)V> (0x0000000087e8fda8) thrown at [t:/workspace/open/src/hotspot/share/inter
Event: 1.034 Thread 0x0000029c2fa48000 Exception <a 'java/lang/NoSuchMethodError'{0x0000000087e95fd0}: java.lang.invoke.DirectMethodHandle$Holder.invokeStaticInit(Ljava/lang/Object;Ljava/lang/Object;Ljava/lang/Object;Ljava/lang/Object;)V> (0x0000000087e95fd0) thrown at [t:/workspace/open/src/h
Event: 1.037 Thread 0x0000029c2fa48000 Exception <a 'java/lang/NoSuchMethodError'{0x0000000087ec1a10}: java.lang.invoke.DirectMethodHandle$Holder.invokeStatic(Ljava/lang/Object;Ljava/lang/Object;Ljava/lang/Object;Ljava/lang/Object;Ljava/lang/Object;)V> (0x0000000087ec1a10) thrown at [t:/worksp
Event: 1.037 Thread 0x0000029c2fa48000 Exception <a 'java/lang/NoSuchMethodError'{0x0000000087ec5130}: java.lang.invoke.DirectMethodHandle$Holder.invokeStaticInit(Ljava/lang/Object;Ljava/lang/Object;Ljava/lang/Object;Ljava/lang/Object;Ljava/lang/Object;)V> (0x0000000087ec5130) thrown at [t:/wo
Event: 1.038 Thread 0x0000029c2fa48000 Exception <a 'java/lang/NoSuchMethodError'{0x0000000087ecbbf0}: java.lang.invoke.DirectMethodHandle$Holder.invokeStaticInit(Ljava/lang/Object;Ljava/lang/Object;Ljava/lang/Object;)I> (0x0000000087ecbbf0) thrown at [t:/workspace/open/src/hotspot/share/inter
Event: 1.118 Thread 0x0000029c2fa48000 Exception <a 'java/lang/NoSuchMethodError'{0x0000000087d2efa8}: java.lang.invoke.DirectMethodHandle$Holder.invokeVirtual(Ljava/lang/Object;Ljava/lang/Object;)I> (0x0000000087d2efa8) thrown at [t:/workspace/open/src/hotspot/share/interpreter/linkResolver.c
Event: 1.149 Thread 0x0000029c2fa48000 Exception <a 'java/lang/NoSuchMethodError'{0x0000000087df9948}: java.lang.invoke.DirectMethodHandle$Holder.invokeVirtual(Ljava/lang/Object;Ljava/lang/Object;)V> (0x0000000087df9948) thrown at [t:/workspace/open/src/hotspot/share/interpreter/linkResolver.c
Event: 1.151 Thread 0x0000029c2fa48000 Exception <a 'java/lang/NoSuchMethodError'{0x0000000087c06150}: java.lang.invoke.DirectMethodHandle$Holder.invokeSpecial(Ljava/lang/Object;Ljava/lang/Object;Ljava/lang/Object;Ljava/lang/Object;Ljava/lang/Object;)V> (0x0000000087c06150) thrown at [t:/works
Event: 1.161 Thread 0x0000029c2fa48000 Exception <a 'java/lang/NoSuchMethodError'{0x0000000087c365b8}: java.lang.invoke.DirectMethodHandle$Holder.invokeStatic(Ljava/lang/Object;Ljava/lang/Object;Ljava/lang/Object;Ljava/lang/Object;Ljava/lang/Object;Ljava/lang/Object;)V> (0x0000000087c365b8) th

Events (10 events):
Event: 1.324 loading class org/codehaus/groovy/ast/expr/StaticConstantExpression done
Event: 1.326 loading class org/codehaus/groovy/ast/expr/MethodCallExpression$1
Event: 1.326 loading class org/codehaus/groovy/ast/expr/MethodCallExpression$1 done
Event: 1.327 loading class org/codehaus/groovy/util/ListHashMap
Event: 1.327 loading class org/codehaus/groovy/util/ListHashMap done
Event: 1.328 Thread 0x0000029c2fa48000 Uncommon trap: trap_request=0xffffff7e fr.pc=0x0000029c1f1bea5c relative=0x00000000000004dc
Event: 1.328 Thread 0x0000029c2fa48000 DEOPT PACKING pc=0x0000029c1f1bea5c sp=0x000000b0be7fd390
Event: 1.328 Thread 0x0000029c2fa48000 DEOPT UNPACKING pc=0x0000029c176b8f2f sp=0x000000b0be7fd330 mode 2
Event: 1.329 loading class org/codehaus/groovy/runtime/DefaultGroovyMethods
Event: 1.329 loading class org/codehaus/groovy/runtime/DefaultGroovyMethods done


Dynamic libraries:
0x00007ff655050000 - 0x00007ff655095000 	C:\Program Files\Java\jdk-11.0.1\bin\java.exe
0x00007ff87e350000 - 0x00007ff87e546000 	C:\WINDOWS\SYSTEM32\ntdll.dll
0x00007ff87dce0000 - 0x00007ff87dd9d000 	C:\WINDOWS\System32\KERNEL32.DLL
0x00007ff87bbb0000 - 0x00007ff87be78000 	C:\WINDOWS\System32\KERNELBASE.dll
0x00007ff87ce80000 - 0x00007ff87d020000 	C:\WINDOWS\System32\USER32.dll
0x00007ff87c360000 - 0x00007ff87c382000 	C:\WINDOWS\System32\win32u.dll
0x00007ff87dcb0000 - 0x00007ff87dcda000 	C:\WINDOWS\System32\GDI32.dll
0x00007ff87bf20000 - 0x00007ff87c029000 	C:\WINDOWS\System32\gdi32full.dll
0x00007ff87be80000 - 0x00007ff87bf1d000 	C:\WINDOWS\System32\msvcp_win.dll
0x00007ff87c030000 - 0x00007ff87c130000 	C:\WINDOWS\System32\ucrtbase.dll
0x00007ff86bd70000 - 0x00007ff86c00b000 	C:\WINDOWS\WinSxS\amd64_microsoft.windows.common-controls_6595b64144ccf1df_6.0.19041.488_none_ca04af081b815d21\COMCTL32.dll
0x00007ff87c690000 - 0x00007ff87c72e000 	C:\WINDOWS\System32\msvcrt.dll
0x00007ff87ded0000 - 0x00007ff87df00000 	C:\WINDOWS\System32\IMM32.DLL
0x00007ff86b840000 - 0x00007ff86b856000 	C:\Program Files\Java\jdk-11.0.1\bin\vcruntime140.dll
0x00007ff851c50000 - 0x00007ff851cfa000 	C:\Program Files\Java\jdk-11.0.1\bin\msvcp140.dll
0x00007ff834e50000 - 0x00007ff835991000 	C:\Program Files\Java\jdk-11.0.1\bin\server\jvm.dll
0x00007ff87e260000 - 0x00007ff87e30c000 	C:\WINDOWS\System32\ADVAPI32.dll
0x00007ff87d1b0000 - 0x00007ff87d24b000 	C:\WINDOWS\System32\sechost.dll
0x00007ff87dda0000 - 0x00007ff87dec4000 	C:\WINDOWS\System32\RPCRT4.dll
0x00007ff87da90000 - 0x00007ff87da98000 	C:\WINDOWS\System32\PSAPI.DLL
0x00007ff876760000 - 0x00007ff87676a000 	C:\WINDOWS\SYSTEM32\VERSION.dll
0x00007ff873030000 - 0x00007ff873057000 	C:\WINDOWS\SYSTEM32\WINMM.dll
0x00007ff870220000 - 0x00007ff870229000 	C:\WINDOWS\SYSTEM32\WSOCK32.dll
0x00007ff87d870000 - 0x00007ff87d8db000 	C:\WINDOWS\System32\WS2_32.dll
0x00007ff879af0000 - 0x00007ff879b02000 	C:\WINDOWS\SYSTEM32\kernel.appcore.dll
0x00007ff867ef0000 - 0x00007ff867f01000 	C:\Program Files\Java\jdk-11.0.1\bin\verify.dll
0x00007ff870280000 - 0x00007ff870464000 	C:\WINDOWS\SYSTEM32\DBGHELP.DLL
0x00007ff86f560000 - 0x00007ff86f58c000 	C:\WINDOWS\SYSTEM32\dbgcore.DLL
0x00007ff87c2e0000 - 0x00007ff87c35f000 	C:\WINDOWS\System32\bcryptPrimitives.dll
0x00007ff8652a0000 - 0x00007ff8652c8000 	C:\Program Files\Java\jdk-11.0.1\bin\java.dll
0x00007ff865280000 - 0x00007ff865296000 	C:\Program Files\Java\jdk-11.0.1\bin\zip.dll
0x00007ff8736f0000 - 0x00007ff8736fa000 	C:\Program Files\Java\jdk-11.0.1\bin\jimage.dll
0x00007ff87c730000 - 0x00007ff87ce71000 	C:\WINDOWS\System32\SHELL32.dll
0x00007ff879cf0000 - 0x00007ff87a485000 	C:\WINDOWS\SYSTEM32\windows.storage.dll
0x00007ff87df00000 - 0x00007ff87e255000 	C:\WINDOWS\System32\combase.dll
0x00007ff87b580000 - 0x00007ff87b5ac000 	C:\WINDOWS\SYSTEM32\Wldp.dll
0x00007ff87d100000 - 0x00007ff87d1ae000 	C:\WINDOWS\System32\SHCORE.dll
0x00007ff87dbd0000 - 0x00007ff87dc25000 	C:\WINDOWS\System32\shlwapi.dll
0x00007ff87bab0000 - 0x00007ff87bad6000 	C:\WINDOWS\SYSTEM32\profapi.dll
0x00007ff875080000 - 0x00007ff875099000 	C:\Program Files\Java\jdk-11.0.1\bin\net.dll
0x00007ff873130000 - 0x00007ff873230000 	C:\WINDOWS\SYSTEM32\WINHTTP.dll
0x00007ff87b2a0000 - 0x00007ff87b30a000 	C:\WINDOWS\system32\mswsock.dll
0x00007ff875060000 - 0x00007ff875073000 	C:\Program Files\Java\jdk-11.0.1\bin\nio.dll

dbghelp: loaded successfully - version: 4.0.5 - missing functions: none
symbol engine: initialized successfully - sym options: 0x614 - pdb path: .;C:\Program Files\Java\jdk-11.0.1\bin;C:\WINDOWS\SYSTEM32;C:\WINDOWS\WinSxS\amd64_microsoft.windows.common-controls_6595b64144ccf1df_6.0.19041.488_none_ca04af081b815d21;C:\Program Files\Java\jdk-11.0.1\bin\server

VM Arguments:
jvm_args: -Dfile.encoding=utf8 
java_command: c:\Users\maa\.vscode\extensions\vscjava.vscode-gradle-3.12.4\lib\gradle-language-server.jar
java_class_path (initial): c:\Users\maa\.vscode\extensions\vscjava.vscode-gradle-3.12.4\lib\gradle-language-server.jar
Launcher Type: SUN_STANDARD

[Global flags]
     intx CICompilerCount                          = 4                                         {product} {ergonomic}
     uint ConcGCThreads                            = 3                                         {product} {ergonomic}
     uint G1ConcRefinementThreads                  = 10                                        {product} {ergonomic}
   size_t G1HeapRegionSize                         = 1048576                                   {product} {ergonomic}
    uintx GCDrainStackTargetSize                   = 64                                        {product} {ergonomic}
   size_t InitialHeapSize                          = 134217728                                 {product} {ergonomic}
   size_t MarkStackSize                            = 4194304                                   {product} {ergonomic}
   size_t MaxHeapSize                              = 2126512128                                {product} {ergonomic}
   size_t MaxNewSize                               = 1275068416                                {product} {ergonomic}
   size_t MinHeapDeltaBytes                        = 1048576                                   {product} {ergonomic}
    uintx NonNMethodCodeHeapSize                   = 5835340                                {pd product} {ergonomic}
    uintx NonProfiledCodeHeapSize                  = 122911450                              {pd product} {ergonomic}
    uintx ProfiledCodeHeapSize                     = 122911450                              {pd product} {ergonomic}
    uintx ReservedCodeCacheSize                    = 251658240                              {pd product} {ergonomic}
     bool SegmentedCodeCache                       = true                                      {product} {ergonomic}
     bool UseCompressedClassPointers               = true                                 {lp64_product} {ergonomic}
     bool UseCompressedOops                        = true                                 {lp64_product} {ergonomic}
     bool UseG1GC                                  = true                                      {product} {ergonomic}
     bool UseLargePagesIndividualAllocation        = false                                  {pd product} {ergonomic}

Logging:
Log output configuration:
 #0: stdout all=warning uptime,level,tags
 #1: stderr all=off uptime,level,tags

Environment Variables:
JAVA_HOME=C:\Program Files\Java\jdk-11.0.1
PATH=C:\Program Files (x86)\Common Files\Oracle\Java\javapath;C:\WINDOWS\system32;C:\WINDOWS;C:\WINDOWS\System32\Wbem;C:\WINDOWS\System32\WindowsPowerShell\v1.0\;C:\Program Files\Git\cmd;C:\xampp\php;C:\ProgramData\ComposerSetup\bin;C:\WINDOWS\System32\OpenSSH\;C:\ProgramData\chocolatey\bin;C:\Program Files\nodejs\;C:\Users\maa\AppData\Local\Programs\Python\Python310\Scripts\;C:\Users\maa\AppData\Local\Programs\Python\Python310\;C:\Users\maa\AppData\Local\Programs\Microsoft VS Code\bin;C:\Users\maa\AppData\Roaming\Composer\vendor\bin;C:\Users\maa\AppData\Local\Microsoft\WindowsApps;C:\Program Files\JetBrains\PyCharm 2021.3\bin;;C:\Users\maa\AppData\Roaming\npm;C:\Users\maa\AppData\Local\Android\Sdk\platform-tools;C:\src\flutter\bin;C:\Program Files\Java\jdk-11.0.1\bin;
USERNAME=maa
OS=Windows_NT
PROCESSOR_IDENTIFIER=Intel64 Family 6 Model 165 Stepping 3, GenuineIntel



---------------  S Y S T E M  ---------------

OS: Windows 10 , 64 bit Build 19041 (10.0.19041.546)

CPU:total 12 (initial active 12) (6 cores per cpu, 2 threads per core) family 6 model 165 stepping 3, cmov, cx8, fxsr, mmx, sse, sse2, sse3, ssse3, sse4.1, sse4.2, popcnt, avx, avx2, aes, clmul, erms, 3dnowpref, lzcnt, ht, tsc, tscinvbit, bmi1, bmi2, adx, fma

Memory: 4k page, system-wide physical 8105M (344M free)
TotalPageFile size 17980M (AvailPageFile size 230M)
current process WorkingSet (physical memory assigned to process): 108M, peak: 109M
current process commit charge ("private bytes"): 254M, peak: 254M

vm_info: OpenJDK 64-Bit Server VM (11.0.1+13) for windows-amd64 JRE (11.0.1+13), built on Oct  6 2018 13:18:13 by "mach5one" with MS VC++ 15.5 (VS2017)

END.
