#
# There is insufficient memory for the Java Runtime Environment to continue.
# Native memory allocation (mmap) failed to map 134217728 bytes for Failed to commit area from 0x0000000081400000 to 0x0000000089400000 of length 134217728.
# Possible reasons:
#   The system is out of physical RAM or swap space
#   The process is running with CompressedOops enabled, and the Java Heap may be blocking the growth of the native heap
# Possible solutions:
#   Reduce memory load on the system
#   Increase physical memory or swap space
#   Check if swap backing store is full
#   Decrease Java heap size (-Xmx/-Xms)
#   Decrease number of Java threads
#   Decrease Java thread stack sizes (-Xss)
#   Set larger code cache with -XX:ReservedCodeCacheSize=
# This output file may be truncated or incomplete.
#
#  Out of Memory Error (t:/workspace/open/src/hotspot/os/windows/os_windows.cpp:3269), pid=12016, tid=928
#
# JRE version:  (11.0.1+13) (build )
# Java VM: OpenJDK 64-Bit Server VM (11.0.1+13, mixed mode, aot, sharing, tiered, compressed oops, g1 gc, windows-amd64)
# No core dump will be written. Minidumps are not enabled by default on client versions of Windows
#

---------------  S U M M A R Y ------------

Command Line: org.jetbrains.kotlin.cli.jvm.K2JVMCompiler @D:\intolo\waterlevel\waterlevelapp\node_modules\react-native-screens\android\build\20220915_909760495179966109.compiler.options

Host: Intel(R) Core(TM) i5-10400F CPU @ 2.90GHz, 12 cores, 7G,  Windows 10 , 64 bit Build 19041 (10.0.19041.546)
Time: Thu Sep 15 18:50:00 2022 India Standard Time elapsed time: 0 seconds (0d 0h 0m 0s)

---------------  T H R E A D  ---------------

Current thread (0x00000264a4b28800):  JavaThread "Unknown thread" [_thread_in_vm, id=928, stack(0x000000d9f4300000,0x000000d9f4400000)]

Stack: [0x000000d9f4300000,0x000000d9f4400000]
Native frames: (J=compiled Java code, j=interpreted, Vv=VM code, C=native code)
V  [jvm.dll+0x63ad9a]
V  [jvm.dll+0x77851f]
V  [jvm.dll+0x779b08]
V  [jvm.dll+0x77a1c3]
V  [jvm.dll+0x2624c8]
V  [jvm.dll+0x63824a]
V  [jvm.dll+0x62cb05]
V  [jvm.dll+0x31561c]
V  [jvm.dll+0x3154a2]
V  [jvm.dll+0x31ad16]
V  [jvm.dll+0x3671cf]
V  [jvm.dll+0x366bf0]
V  [jvm.dll+0x2f2358]
V  [jvm.dll+0x2f34b6]
V  [jvm.dll+0x7517c7]
V  [jvm.dll+0x752f0f]
V  [jvm.dll+0x373ff9]
V  [jvm.dll+0x738049]
V  [jvm.dll+0x3e357d]
V  [jvm.dll+0x3e58e1]
C  [java.exe+0x3603]
C  [java.exe+0x1746c]
C  [KERNEL32.DLL+0x17034]
C  [ntdll.dll+0x4cec1]


---------------  P R O C E S S  ---------------

Threads class SMR info:
_java_thread_list=0x00000264a29519a0, length=0, elements={
}

Java Threads: ( => current thread )

Other Threads:
  0x00000264a4b40800 GCTaskThread "GC Thread#0" [stack: 0x000000d9f4400000,0x000000d9f4500000] [id=9372]
  0x00000264a4b71800 ConcurrentGCThread "G1 Main Marker" [stack: 0x000000d9f4500000,0x000000d9f4600000] [id=15632]
  0x00000264a4b73000 ConcurrentGCThread "G1 Conc#0" [stack: 0x000000d9f4600000,0x000000d9f4700000] [id=1888]

[error occurred during error reporting (printing all threads), id 0xc0000005, EXCEPTION_ACCESS_VIOLATION (0xc0000005) at pc=0x00007ff835150d17]

VM state:not at safepoint (not fully initialized)

VM Mutex/Monitor currently owned by a thread:  ([mutex/lock_event])
[0x00000264a4b25aa0] Heap_lock - owner thread: 0x00000264a4b28800

Heap address: 0x0000000081400000, size: 2028 MB, Compressed Oops mode: Non-zero based: 0x0000000081400000
Narrow klass base: 0x0000000000000000, Narrow klass shift: 0

GC Heap History (0 events):
No events

Deoptimization events (0 events):
No events

Classes redefined (0 events):
No events

Internal exceptions (0 events):
No events

Events (0 events):
No events


Dynamic libraries:
0x00007ff655050000 - 0x00007ff655095000 	C:\Program Files\Java\jdk-11.0.1\bin\java.exe
0x00007ff87e350000 - 0x00007ff87e546000 	C:\WINDOWS\SYSTEM32\ntdll.dll
0x00007ff87dce0000 - 0x00007ff87dd9d000 	C:\WINDOWS\System32\KERNEL32.DLL
0x00007ff87bbb0000 - 0x00007ff87be78000 	C:\WINDOWS\System32\KERNELBASE.dll
0x00007ff87ce80000 - 0x00007ff87d020000 	C:\WINDOWS\System32\USER32.dll
0x00007ff87c360000 - 0x00007ff87c382000 	C:\WINDOWS\System32\win32u.dll
0x00007ff87dcb0000 - 0x00007ff87dcda000 	C:\WINDOWS\System32\GDI32.dll
0x00007ff87bf20000 - 0x00007ff87c029000 	C:\WINDOWS\System32\gdi32full.dll
0x00007ff87be80000 - 0x00007ff87bf1d000 	C:\WINDOWS\System32\msvcp_win.dll
0x00007ff87c030000 - 0x00007ff87c130000 	C:\WINDOWS\System32\ucrtbase.dll
0x00007ff86bd70000 - 0x00007ff86c00b000 	C:\WINDOWS\WinSxS\amd64_microsoft.windows.common-controls_6595b64144ccf1df_6.0.19041.488_none_ca04af081b815d21\COMCTL32.dll
0x00007ff87c690000 - 0x00007ff87c72e000 	C:\WINDOWS\System32\msvcrt.dll
0x00007ff87ded0000 - 0x00007ff87df00000 	C:\WINDOWS\System32\IMM32.DLL
0x00007ff86b840000 - 0x00007ff86b856000 	C:\Program Files\Java\jdk-11.0.1\bin\vcruntime140.dll
0x00007ff851c50000 - 0x00007ff851cfa000 	C:\Program Files\Java\jdk-11.0.1\bin\msvcp140.dll
0x00007ff834e50000 - 0x00007ff835991000 	C:\Program Files\Java\jdk-11.0.1\bin\server\jvm.dll
0x00007ff87e260000 - 0x00007ff87e30c000 	C:\WINDOWS\System32\ADVAPI32.dll
0x00007ff87d1b0000 - 0x00007ff87d24b000 	C:\WINDOWS\System32\sechost.dll
0x00007ff87dda0000 - 0x00007ff87dec4000 	C:\WINDOWS\System32\RPCRT4.dll
0x00007ff87da90000 - 0x00007ff87da98000 	C:\WINDOWS\System32\PSAPI.DLL
0x00007ff870220000 - 0x00007ff870229000 	C:\WINDOWS\SYSTEM32\WSOCK32.dll
0x00007ff87d870000 - 0x00007ff87d8db000 	C:\WINDOWS\System32\WS2_32.dll
0x00007ff873030000 - 0x00007ff873057000 	C:\WINDOWS\SYSTEM32\WINMM.dll
0x00007ff876760000 - 0x00007ff87676a000 	C:\WINDOWS\SYSTEM32\VERSION.dll
0x00007ff879af0000 - 0x00007ff879b02000 	C:\WINDOWS\SYSTEM32\kernel.appcore.dll
0x00007ff867ef0000 - 0x00007ff867f01000 	C:\Program Files\Java\jdk-11.0.1\bin\verify.dll
0x00007ff870280000 - 0x00007ff870464000 	C:\WINDOWS\SYSTEM32\DBGHELP.DLL
0x00007ff86f560000 - 0x00007ff86f58c000 	C:\WINDOWS\SYSTEM32\dbgcore.DLL
0x00007ff87c2e0000 - 0x00007ff87c35f000 	C:\WINDOWS\System32\bcryptPrimitives.dll
0x00007ff8652a0000 - 0x00007ff8652c8000 	C:\Program Files\Java\jdk-11.0.1\bin\java.dll
0x00007ff865280000 - 0x00007ff865296000 	C:\Program Files\Java\jdk-11.0.1\bin\zip.dll
0x00007ff8736f0000 - 0x00007ff8736fa000 	C:\Program Files\Java\jdk-11.0.1\bin\jimage.dll

dbghelp: loaded successfully - version: 4.0.5 - missing functions: none
symbol engine: initialized successfully - sym options: 0x614 - pdb path: .;C:\Program Files\Java\jdk-11.0.1\bin;C:\WINDOWS\SYSTEM32;C:\WINDOWS\WinSxS\amd64_microsoft.windows.common-controls_6595b64144ccf1df_6.0.19041.488_none_ca04af081b815d21;C:\Program Files\Java\jdk-11.0.1\bin\server

VM Arguments:
java_command: org.jetbrains.kotlin.cli.jvm.K2JVMCompiler @D:\intolo\waterlevel\waterlevelapp\node_modules\react-native-screens\android\build\20220915_909760495179966109.compiler.options
java_class_path (initial): C:\Users\maa\.gradle\caches\modules-2\files-2.1\org.jetbrains.kotlin\kotlin-compiler-embeddable\1.6.21\97bdd5a752ce73b58ef16c17bc7f0ea2faff7a2e\kotlin-compiler-embeddable-1.6.21.jar;C:\Users\maa\.gradle\caches\modules-2\files-2.1\org.jetbrains.kotlin\kotlin-reflect\1.6.21\5dc3574d9b7bebfcb4ec6b10ada4aaa9e140bd0b\kotlin-reflect-1.6.21.jar;C:\Users\maa\.gradle\caches\modules-2\files-2.1\org.jetbrains.kotlin\kotlin-stdlib\1.6.21\11ef67f1900634fd951bad28c53ec957fabbe5b8\kotlin-stdlib-1.6.21.jar;C:\Users\maa\.gradle\caches\modules-2\files-2.1\org.jetbrains.kotlin\kotlin-script-runtime\1.6.21\99c6675100da5d6d5b1c5a1032f27f28008d101b\kotlin-script-runtime-1.6.21.jar;C:\Users\maa\.gradle\caches\modules-2\files-2.1\org.jetbrains.kotlin\kotlin-daemon-embeddable\1.6.21\46b78cf392e1c4f10854c3cadba44abb7b82250f\kotlin-daemon-embeddable-1.6.21.jar;C:\Users\maa\.gradle\caches\modules-2\files-2.1\org.jetbrains.intellij.deps\trove4j\1.0.20200330\3afb14d5f9ceb459d724e907a21145e8ff394f02\trove4j-1.0.20200330.jar;C:\Users\maa\.gradle\caches\modules-2\files-2.1\net.java.dev.jna\jna\5.6.0\330f2244e9030119ab3030fc3fededc86713d9cc\jna-5.6.0.jar;C:\Users\maa\.gradle\caches\modules-2\files-2.1\org.jetbrains.kotlin\kotlin-stdlib-common\1.6.21\5e5b55c26dbc80372a920aef60eb774b714559b8\kotlin-stdlib-common-1.6.21.jar;C:\Users\maa\.gradle\caches\modules-2\files-2.1\org.jetbrains\annotations\13.0\919f0dfe192fb4e063e7dacadee7f8bb9a2672a9\annotations-13.0.jar
Launcher Type: SUN_STANDARD

[Global flags]
     intx CICompilerCount                          = 4                                         {product} {ergonomic}
     uint ConcGCThreads                            = 3                                         {product} {ergonomic}
     uint G1ConcRefinementThreads                  = 10                                        {product} {ergonomic}
   size_t G1HeapRegionSize                         = 1048576                                   {product} {ergonomic}
    uintx GCDrainStackTargetSize                   = 64                                        {product} {ergonomic}
   size_t InitialHeapSize                          = 134217728                                 {product} {ergonomic}
   size_t MarkStackSize                            = 4194304                                   {product} {ergonomic}
   size_t MaxHeapSize                              = 2126512128                                {product} {ergonomic}
   size_t MinHeapDeltaBytes                        = 1048576                                   {product} {ergonomic}
    uintx NonNMethodCodeHeapSize                   = 5835340                                {pd product} {ergonomic}
    uintx NonProfiledCodeHeapSize                  = 122911450                              {pd product} {ergonomic}
    uintx ProfiledCodeHeapSize                     = 122911450                              {pd product} {ergonomic}
    uintx ReservedCodeCacheSize                    = 251658240                              {pd product} {ergonomic}
     bool SegmentedCodeCache                       = true                                      {product} {ergonomic}
     bool UseCompressedClassPointers               = true                                 {lp64_product} {ergonomic}
     bool UseCompressedOops                        = true                                 {lp64_product} {ergonomic}
     bool UseG1GC                                  = true                                      {product} {ergonomic}
     bool UseLargePagesIndividualAllocation        = false                                  {pd product} {ergonomic}

Logging:
Log output configuration:
 #0: stdout all=warning uptime,level,tags
 #1: stderr all=off uptime,level,tags

Environment Variables:
JAVA_HOME=C:\Program Files\Java\jdk-11.0.1
CLASSPATH=D:\intolo\waterlevel\waterlevelapp\android\\gradle\wrapper\gradle-wrapper.jar
PATH=D:\intolo\waterlevel\waterlevelapp\android\node_modules\.bin;D:\intolo\waterlevel\waterlevelapp\node_modules\.bin;D:\intolo\waterlevel\node_modules\.bin;D:\intolo\node_modules\.bin;D:\node_modules\.bin;C:\Program Files\nodejs;D:\intolo\waterlevel\waterlevelapp\node_modules\.bin;D:\intolo\waterlevel\node_modules\.bin;D:\intolo\node_modules\.bin;D:\node_modules\.bin;C:\Program Files\nodejs\node_modules\npm\node_modules\@npmcli\run-script\lib\node-gyp-bin;C:\Program Files (x86)\Common Files\Oracle\Java\javapath;C:\WINDOWS\system32;C:\WINDOWS;C:\WINDOWS\System32\Wbem;C:\WINDOWS\System32\WindowsPowerShell\v1.0\;C:\Program Files\Git\cmd;C:\xampp\php;C:\ProgramData\ComposerSetup\bin;C:\WINDOWS\System32\OpenSSH\;C:\ProgramData\chocolatey\bin;C:\Program Files\nodejs\;C:\Users\maa\AppData\Local\Programs\Python\Python310\Scripts\;C:\Users\maa\AppData\Local\Programs\Python\Python310\;C:\Users\maa\AppData\Local\Programs\Microsoft VS Code\bin;C:\Users\maa\AppData\Roaming\Composer\vendor\bin;C:\Users\maa\AppData\Local\Microsoft\WindowsApps;C:\Program Files\JetBrains\PyCharm 2021.3\bin;;C:\Users\maa\AppData\Roaming\npm;C:\Users\maa\AppData\Local\Android\Sdk\platform-tools;C:\src\flutter\bin;C:\Program Files\Java\jdk-11.0.1\bin;
USERNAME=maa
OS=Windows_NT
PROCESSOR_IDENTIFIER=Intel64 Family 6 Model 165 Stepping 3, GenuineIntel



---------------  S Y S T E M  ---------------

OS: Windows 10 , 64 bit Build 19041 (10.0.19041.546)

CPU:total 12 (initial active 12) (6 cores per cpu, 2 threads per core) family 6 model 165 stepping 3, cmov, cx8, fxsr, mmx, sse, sse2, sse3, ssse3, sse4.1, sse4.2, popcnt, avx, avx2, aes, clmul, erms, 3dnowpref, lzcnt, ht, tsc, tscinvbit, bmi1, bmi2, adx, fma

Memory: 4k page, system-wide physical 8105M (529M free)
TotalPageFile size 17980M (AvailPageFile size 50M)
current process WorkingSet (physical memory assigned to process): 9M, peak: 9M
current process commit charge ("private bytes"): 64M, peak: 192M

vm_info: OpenJDK 64-Bit Server VM (11.0.1+13) for windows-amd64 JRE (11.0.1+13), built on Oct  6 2018 13:18:13 by "mach5one" with MS VC++ 15.5 (VS2017)

END.
